[2023-11-23 00:52:29] local.ERROR: Database file at path [E:\Phpstormprojects\VehicleDamageHistory\database\database.sqlite] does not exist. Ensure this is an absolute path to the database. (Connection: sqlite, SQL: PRAGMA foreign_keys = ON;) {"exception":"[object] (Illuminate\\Database\\QueryException(code: 0): Database file at path [E:\\Phpstormprojects\\VehicleDamageHistory\\database\\database.sqlite] does not exist. Ensure this is an absolute path to the database. (Connection: sqlite, SQL: PRAGMA foreign_keys = ON;) at E:\\Phpstormprojects\\VehicleDamageHistory\\vendor\\laravel\\framework\\src\\Illuminate\\Database\\Connection.php:822)
[stacktrace]
#0 E:\\Phpstormprojects\\VehicleDamageHistory\\vendor\\laravel\\framework\\src\\Illuminate\\Database\\Connection.php(776): Illuminate\\Database\\Connection->runQueryCallback()
#1 E:\\Phpstormprojects\\VehicleDamageHistory\\vendor\\laravel\\framework\\src\\Illuminate\\Database\\Connection.php(569): Illuminate\\Database\\Connection->run()
#2 E:\\Phpstormprojects\\VehicleDamageHistory\\vendor\\laravel\\framework\\src\\Illuminate\\Database\\Schema\\Builder.php(421): Illuminate\\Database\\Connection->statement()
#3 E:\\Phpstormprojects\\VehicleDamageHistory\\vendor\\laravel\\framework\\src\\Illuminate\\Database\\SQLiteConnection.php(36): Illuminate\\Database\\Schema\\Builder->enableForeignKeyConstraints()
#4 E:\\Phpstormprojects\\VehicleDamageHistory\\vendor\\laravel\\framework\\src\\Illuminate\\Database\\Connectors\\ConnectionFactory.php(272): Illuminate\\Database\\SQLiteConnection->__construct()
#5 E:\\Phpstormprojects\\VehicleDamageHistory\\vendor\\laravel\\framework\\src\\Illuminate\\Database\\Connectors\\ConnectionFactory.php(75): Illuminate\\Database\\Connectors\\ConnectionFactory->createConnection()
#6 E:\\Phpstormprojects\\VehicleDamageHistory\\vendor\\laravel\\framework\\src\\Illuminate\\Database\\Connectors\\ConnectionFactory.php(50): Illuminate\\Database\\Connectors\\ConnectionFactory->createSingleConnection()
#7 E:\\Phpstormprojects\\VehicleDamageHistory\\vendor\\laravel\\framework\\src\\Illuminate\\Database\\DatabaseManager.php(152): Illuminate\\Database\\Connectors\\ConnectionFactory->make()
#8 E:\\Phpstormprojects\\VehicleDamageHistory\\vendor\\laravel\\framework\\src\\Illuminate\\Database\\DatabaseManager.php(101): Illuminate\\Database\\DatabaseManager->makeConnection()
#9 E:\\Phpstormprojects\\VehicleDamageHistory\\vendor\\laravel\\framework\\src\\Illuminate\\Database\\Migrations\\DatabaseMigrationRepository.php(226): Illuminate\\Database\\DatabaseManager->connection()
#10 E:\\Phpstormprojects\\VehicleDamageHistory\\vendor\\laravel\\framework\\src\\Illuminate\\Database\\Migrations\\DatabaseMigrationRepository.php(182): Illuminate\\Database\\Migrations\\DatabaseMigrationRepository->getConnection()
#11 E:\\Phpstormprojects\\VehicleDamageHistory\\vendor\\laravel\\framework\\src\\Illuminate\\Database\\Migrations\\Migrator.php(700): Illuminate\\Database\\Migrations\\DatabaseMigrationRepository->repositoryExists()
#12 E:\\Phpstormprojects\\VehicleDamageHistory\\vendor\\laravel\\framework\\src\\Illuminate\\Database\\Console\\Migrations\\MigrateCommand.php(140): Illuminate\\Database\\Migrations\\Migrator->repositoryExists()
#13 E:\\Phpstormprojects\\VehicleDamageHistory\\vendor\\laravel\\framework\\src\\Illuminate\\Support\\helpers.php(248): Illuminate\\Database\\Console\\Migrations\\MigrateCommand->Illuminate\\Database\\Console\\Migrations\\{closure}()
#14 E:\\Phpstormprojects\\VehicleDamageHistory\\vendor\\laravel\\framework\\src\\Illuminate\\Database\\Console\\Migrations\\MigrateCommand.php(140): retry()
#15 E:\\Phpstormprojects\\VehicleDamageHistory\\vendor\\laravel\\framework\\src\\Illuminate\\Database\\Console\\Migrations\\MigrateCommand.php(116): Illuminate\\Database\\Console\\Migrations\\MigrateCommand->repositoryExists()
#16 E:\\Phpstormprojects\\VehicleDamageHistory\\vendor\\laravel\\framework\\src\\Illuminate\\Database\\Console\\Migrations\\MigrateCommand.php(84): Illuminate\\Database\\Console\\Migrations\\MigrateCommand->prepareDatabase()
#17 E:\\Phpstormprojects\\VehicleDamageHistory\\vendor\\laravel\\framework\\src\\Illuminate\\Database\\Migrations\\Migrator.php(633): Illuminate\\Database\\Console\\Migrations\\MigrateCommand->Illuminate\\Database\\Console\\Migrations\\{closure}()
#18 E:\\Phpstormprojects\\VehicleDamageHistory\\vendor\\laravel\\framework\\src\\Illuminate\\Database\\Console\\Migrations\\MigrateCommand.php(83): Illuminate\\Database\\Migrations\\Migrator->usingConnection()
#19 E:\\Phpstormprojects\\VehicleDamageHistory\\vendor\\laravel\\framework\\src\\Illuminate\\Container\\BoundMethod.php(36): Illuminate\\Database\\Console\\Migrations\\MigrateCommand->handle()
#20 E:\\Phpstormprojects\\VehicleDamageHistory\\vendor\\laravel\\framework\\src\\Illuminate\\Container\\Util.php(41): Illuminate\\Container\\BoundMethod::Illuminate\\Container\\{closure}()
#21 E:\\Phpstormprojects\\VehicleDamageHistory\\vendor\\laravel\\framework\\src\\Illuminate\\Container\\BoundMethod.php(93): Illuminate\\Container\\Util::unwrapIfClosure()
#22 E:\\Phpstormprojects\\VehicleDamageHistory\\vendor\\laravel\\framework\\src\\Illuminate\\Container\\BoundMethod.php(35): Illuminate\\Container\\BoundMethod::callBoundMethod()
#23 E:\\Phpstormprojects\\VehicleDamageHistory\\vendor\\laravel\\framework\\src\\Illuminate\\Container\\Container.php(662): Illuminate\\Container\\BoundMethod::call()
#24 E:\\Phpstormprojects\\VehicleDamageHistory\\vendor\\laravel\\framework\\src\\Illuminate\\Console\\Command.php(211): Illuminate\\Container\\Container->call()
#25 E:\\Phpstormprojects\\VehicleDamageHistory\\vendor\\symfony\\console\\Command\\Command.php(326): Illuminate\\Console\\Command->execute()
#26 E:\\Phpstormprojects\\VehicleDamageHistory\\vendor\\laravel\\framework\\src\\Illuminate\\Console\\Command.php(180): Symfony\\Component\\Console\\Command\\Command->run()
#27 E:\\Phpstormprojects\\VehicleDamageHistory\\vendor\\symfony\\console\\Application.php(1081): Illuminate\\Console\\Command->run()
#28 E:\\Phpstormprojects\\VehicleDamageHistory\\vendor\\symfony\\console\\Application.php(320): Symfony\\Component\\Console\\Application->doRunCommand()
#29 E:\\Phpstormprojects\\VehicleDamageHistory\\vendor\\symfony\\console\\Application.php(174): Symfony\\Component\\Console\\Application->doRun()
#30 E:\\Phpstormprojects\\VehicleDamageHistory\\vendor\\laravel\\framework\\src\\Illuminate\\Foundation\\Console\\Kernel.php(201): Symfony\\Component\\Console\\Application->run()
#31 E:\\Phpstormprojects\\VehicleDamageHistory\\artisan(35): Illuminate\\Foundation\\Console\\Kernel->handle()
#32 {main}

[previous exception] [object] (Illuminate\\Database\\SQLiteDatabaseDoesNotExistException(code: 0): Database file at path [E:\\Phpstormprojects\\VehicleDamageHistory\\database\\database.sqlite] does not exist. Ensure this is an absolute path to the database. at E:\\Phpstormprojects\\VehicleDamageHistory\\vendor\\laravel\\framework\\src\\Illuminate\\Database\\Connectors\\SQLiteConnector.php:34)
[stacktrace]
#0 E:\\Phpstormprojects\\VehicleDamageHistory\\vendor\\laravel\\framework\\src\\Illuminate\\Database\\Connectors\\ConnectionFactory.php(221): Illuminate\\Database\\Connectors\\SQLiteConnector->connect()
#1 [internal function]: Illuminate\\Database\\Connectors\\ConnectionFactory->Illuminate\\Database\\Connectors\\{closure}()
#2 E:\\Phpstormprojects\\VehicleDamageHistory\\vendor\\laravel\\framework\\src\\Illuminate\\Database\\Connection.php(1319): call_user_func()
#3 E:\\Phpstormprojects\\VehicleDamageHistory\\vendor\\laravel\\framework\\src\\Illuminate\\Database\\Connection.php(574): Illuminate\\Database\\Connection->getPdo()
#4 E:\\Phpstormprojects\\VehicleDamageHistory\\vendor\\laravel\\framework\\src\\Illuminate\\Database\\Connection.php(809): Illuminate\\Database\\Connection->Illuminate\\Database\\{closure}()
#5 E:\\Phpstormprojects\\VehicleDamageHistory\\vendor\\laravel\\framework\\src\\Illuminate\\Database\\Connection.php(776): Illuminate\\Database\\Connection->runQueryCallback()
#6 E:\\Phpstormprojects\\VehicleDamageHistory\\vendor\\laravel\\framework\\src\\Illuminate\\Database\\Connection.php(569): Illuminate\\Database\\Connection->run()
#7 E:\\Phpstormprojects\\VehicleDamageHistory\\vendor\\laravel\\framework\\src\\Illuminate\\Database\\Schema\\Builder.php(421): Illuminate\\Database\\Connection->statement()
#8 E:\\Phpstormprojects\\VehicleDamageHistory\\vendor\\laravel\\framework\\src\\Illuminate\\Database\\SQLiteConnection.php(36): Illuminate\\Database\\Schema\\Builder->enableForeignKeyConstraints()
#9 E:\\Phpstormprojects\\VehicleDamageHistory\\vendor\\laravel\\framework\\src\\Illuminate\\Database\\Connectors\\ConnectionFactory.php(272): Illuminate\\Database\\SQLiteConnection->__construct()
#10 E:\\Phpstormprojects\\VehicleDamageHistory\\vendor\\laravel\\framework\\src\\Illuminate\\Database\\Connectors\\ConnectionFactory.php(75): Illuminate\\Database\\Connectors\\ConnectionFactory->createConnection()
#11 E:\\Phpstormprojects\\VehicleDamageHistory\\vendor\\laravel\\framework\\src\\Illuminate\\Database\\Connectors\\ConnectionFactory.php(50): Illuminate\\Database\\Connectors\\ConnectionFactory->createSingleConnection()
#12 E:\\Phpstormprojects\\VehicleDamageHistory\\vendor\\laravel\\framework\\src\\Illuminate\\Database\\DatabaseManager.php(152): Illuminate\\Database\\Connectors\\ConnectionFactory->make()
#13 E:\\Phpstormprojects\\VehicleDamageHistory\\vendor\\laravel\\framework\\src\\Illuminate\\Database\\DatabaseManager.php(101): Illuminate\\Database\\DatabaseManager->makeConnection()
#14 E:\\Phpstormprojects\\VehicleDamageHistory\\vendor\\laravel\\framework\\src\\Illuminate\\Database\\Migrations\\DatabaseMigrationRepository.php(226): Illuminate\\Database\\DatabaseManager->connection()
#15 E:\\Phpstormprojects\\VehicleDamageHistory\\vendor\\laravel\\framework\\src\\Illuminate\\Database\\Migrations\\DatabaseMigrationRepository.php(182): Illuminate\\Database\\Migrations\\DatabaseMigrationRepository->getConnection()
#16 E:\\Phpstormprojects\\VehicleDamageHistory\\vendor\\laravel\\framework\\src\\Illuminate\\Database\\Migrations\\Migrator.php(700): Illuminate\\Database\\Migrations\\DatabaseMigrationRepository->repositoryExists()
#17 E:\\Phpstormprojects\\VehicleDamageHistory\\vendor\\laravel\\framework\\src\\Illuminate\\Database\\Console\\Migrations\\MigrateCommand.php(140): Illuminate\\Database\\Migrations\\Migrator->repositoryExists()
#18 E:\\Phpstormprojects\\VehicleDamageHistory\\vendor\\laravel\\framework\\src\\Illuminate\\Support\\helpers.php(248): Illuminate\\Database\\Console\\Migrations\\MigrateCommand->Illuminate\\Database\\Console\\Migrations\\{closure}()
#19 E:\\Phpstormprojects\\VehicleDamageHistory\\vendor\\laravel\\framework\\src\\Illuminate\\Database\\Console\\Migrations\\MigrateCommand.php(140): retry()
#20 E:\\Phpstormprojects\\VehicleDamageHistory\\vendor\\laravel\\framework\\src\\Illuminate\\Database\\Console\\Migrations\\MigrateCommand.php(116): Illuminate\\Database\\Console\\Migrations\\MigrateCommand->repositoryExists()
#21 E:\\Phpstormprojects\\VehicleDamageHistory\\vendor\\laravel\\framework\\src\\Illuminate\\Database\\Console\\Migrations\\MigrateCommand.php(84): Illuminate\\Database\\Console\\Migrations\\MigrateCommand->prepareDatabase()
#22 E:\\Phpstormprojects\\VehicleDamageHistory\\vendor\\laravel\\framework\\src\\Illuminate\\Database\\Migrations\\Migrator.php(633): Illuminate\\Database\\Console\\Migrations\\MigrateCommand->Illuminate\\Database\\Console\\Migrations\\{closure}()
#23 E:\\Phpstormprojects\\VehicleDamageHistory\\vendor\\laravel\\framework\\src\\Illuminate\\Database\\Console\\Migrations\\MigrateCommand.php(83): Illuminate\\Database\\Migrations\\Migrator->usingConnection()
#24 E:\\Phpstormprojects\\VehicleDamageHistory\\vendor\\laravel\\framework\\src\\Illuminate\\Container\\BoundMethod.php(36): Illuminate\\Database\\Console\\Migrations\\MigrateCommand->handle()
#25 E:\\Phpstormprojects\\VehicleDamageHistory\\vendor\\laravel\\framework\\src\\Illuminate\\Container\\Util.php(41): Illuminate\\Container\\BoundMethod::Illuminate\\Container\\{closure}()
#26 E:\\Phpstormprojects\\VehicleDamageHistory\\vendor\\laravel\\framework\\src\\Illuminate\\Container\\BoundMethod.php(93): Illuminate\\Container\\Util::unwrapIfClosure()
#27 E:\\Phpstormprojects\\VehicleDamageHistory\\vendor\\laravel\\framework\\src\\Illuminate\\Container\\BoundMethod.php(35): Illuminate\\Container\\BoundMethod::callBoundMethod()
#28 E:\\Phpstormprojects\\VehicleDamageHistory\\vendor\\laravel\\framework\\src\\Illuminate\\Container\\Container.php(662): Illuminate\\Container\\BoundMethod::call()
#29 E:\\Phpstormprojects\\VehicleDamageHistory\\vendor\\laravel\\framework\\src\\Illuminate\\Console\\Command.php(211): Illuminate\\Container\\Container->call()
#30 E:\\Phpstormprojects\\VehicleDamageHistory\\vendor\\symfony\\console\\Command\\Command.php(326): Illuminate\\Console\\Command->execute()
#31 E:\\Phpstormprojects\\VehicleDamageHistory\\vendor\\laravel\\framework\\src\\Illuminate\\Console\\Command.php(180): Symfony\\Component\\Console\\Command\\Command->run()
#32 E:\\Phpstormprojects\\VehicleDamageHistory\\vendor\\symfony\\console\\Application.php(1081): Illuminate\\Console\\Command->run()
#33 E:\\Phpstormprojects\\VehicleDamageHistory\\vendor\\symfony\\console\\Application.php(320): Symfony\\Component\\Console\\Application->doRunCommand()
#34 E:\\Phpstormprojects\\VehicleDamageHistory\\vendor\\symfony\\console\\Application.php(174): Symfony\\Component\\Console\\Application->doRun()
#35 E:\\Phpstormprojects\\VehicleDamageHistory\\vendor\\laravel\\framework\\src\\Illuminate\\Foundation\\Console\\Kernel.php(201): Symfony\\Component\\Console\\Application->run()
#36 E:\\Phpstormprojects\\VehicleDamageHistory\\artisan(35): Illuminate\\Foundation\\Console\\Kernel->handle()
#37 {main}
"} 
